<?xml version="1.0" encoding="UTF-8"?>
<testsuite name="uk.co.incircity.money.ApplicationTest" tests="1" skipped="0" failures="0" errors="0" timestamp="2019-07-20T21:16:35" hostname="Efnans-MacBook-Pro.local" time="0.002">
  <properties/>
  <testcase name="contextLoads" classname="uk.co.incircity.money.ApplicationTest" time="0.002"/>
  <system-out><![CDATA[2019-07-21 00:16:35.371  INFO 4076 --- [    Test worker] .b.t.c.SpringBootTestContextBootstrapper : Neither @ContextConfiguration nor @ContextHierarchy found for test class [uk.co.incircity.money.ApplicationTest], using SpringBootContextLoader
2019-07-21 00:16:35.371  INFO 4076 --- [    Test worker] o.s.t.c.support.AbstractContextLoader    : Could not detect default resource locations for test class [uk.co.incircity.money.ApplicationTest]: no resource found for suffixes {-context.xml, Context.groovy}.
2019-07-21 00:16:35.372  INFO 4076 --- [    Test worker] t.c.s.AnnotationConfigContextLoaderUtils : Could not detect default configuration classes for test class [uk.co.incircity.money.ApplicationTest]: ApplicationTest does not declare any static, non-private, non-final, nested classes annotated with @Configuration.
2019-07-21 00:16:35.375  INFO 4076 --- [    Test worker] .b.t.c.SpringBootTestContextBootstrapper : Found @SpringBootConfiguration uk.co.incircity.money.Application for test class uk.co.incircity.money.ApplicationTest
2019-07-21 00:16:35.376  INFO 4076 --- [    Test worker] .b.t.c.SpringBootTestContextBootstrapper : Loaded default TestExecutionListener class names from location [META-INF/spring.factories]: [org.springframework.boot.test.autoconfigure.restdocs.RestDocsTestExecutionListener, org.springframework.boot.test.autoconfigure.web.client.MockRestServiceServerResetTestExecutionListener, org.springframework.boot.test.autoconfigure.web.servlet.MockMvcPrintOnlyOnFailureTestExecutionListener, org.springframework.boot.test.autoconfigure.web.servlet.WebDriverTestExecutionListener, org.springframework.boot.test.mock.mockito.MockitoTestExecutionListener, org.springframework.boot.test.mock.mockito.ResetMocksTestExecutionListener, org.springframework.test.context.web.ServletTestExecutionListener, org.springframework.test.context.support.DirtiesContextBeforeModesTestExecutionListener, org.springframework.test.context.support.DependencyInjectionTestExecutionListener, org.springframework.test.context.support.DirtiesContextTestExecutionListener, org.springframework.test.context.transaction.TransactionalTestExecutionListener, org.springframework.test.context.jdbc.SqlScriptsTestExecutionListener]
2019-07-21 00:16:35.377  INFO 4076 --- [    Test worker] .b.t.c.SpringBootTestContextBootstrapper : Using TestExecutionListeners: [org.springframework.test.context.web.ServletTestExecutionListener@35d0b68d, org.springframework.test.context.support.DirtiesContextBeforeModesTestExecutionListener@3518b583, org.springframework.boot.test.mock.mockito.MockitoTestExecutionListener@7a8632c0, org.springframework.boot.test.autoconfigure.SpringBootDependencyInjectionTestExecutionListener@66570b98, org.springframework.test.context.support.DirtiesContextTestExecutionListener@5683bd01, org.springframework.boot.test.autoconfigure.restdocs.RestDocsTestExecutionListener@26c7beff, org.springframework.boot.test.autoconfigure.web.client.MockRestServiceServerResetTestExecutionListener@6d1c98d5, org.springframework.boot.test.autoconfigure.web.servlet.MockMvcPrintOnlyOnFailureTestExecutionListener@33c94525, org.springframework.boot.test.autoconfigure.web.servlet.WebDriverTestExecutionListener@78699de8, org.springframework.boot.test.mock.mockito.ResetMocksTestExecutionListener@6342f45c]

  .   ____          _            __ _ _
 /\\ / ___'_ __ _ _(_)_ __  __ _ \ \ \ \
( ( )\___ | '_ | '_| | '_ \/ _` | \ \ \ \
 \\/  ___)| |_)| | | | | || (_| |  ) ) ) )
  '  |____| .__|_| |_|_| |_\__, | / / / /
 =========|_|==============|___/=/_/_/_/
 :: Spring Boot ::        (v2.1.3.RELEASE)

2019-07-21 00:16:35.389  INFO 4076 --- [    Test worker] uk.co.incircity.money.ApplicationTest    : Starting ApplicationTest on Efnans-MacBook-Pro.local with PID 4076 (started by moz in /Users/moz/IdeaProjects/money)
2019-07-21 00:16:35.390  INFO 4076 --- [    Test worker] uk.co.incircity.money.ApplicationTest    : No active profile set, falling back to default profiles: default
2019-07-21 00:16:35.679  INFO 4076 --- [    Test worker] o.s.s.concurrent.ThreadPoolTaskExecutor  : Initializing ExecutorService 'applicationTaskExecutor'
2019-07-21 00:16:35.774  INFO 4076 --- [    Test worker] uk.co.incircity.money.ApplicationTest    : Started ApplicationTest in 0.396 seconds (JVM running for 3.645)
]]></system-out>
  <system-err><![CDATA[]]></system-err>
</testsuite>
