<?xml version="1.0" encoding="UTF-8"?>
<testsuite name="uk.co.incircity.money.repository.UserRepositoryTest" tests="1" skipped="0" failures="0" errors="0" timestamp="2019-07-20T21:16:35" hostname="Efnans-MacBook-Pro.local" time="0.002">
  <properties/>
  <testcase name="getUser_Success" classname="uk.co.incircity.money.repository.UserRepositoryTest" time="0.002"/>
  <system-out><![CDATA[2019-07-21 00:16:34.853  INFO 4076 --- [    Test worker] .b.t.c.SpringBootTestContextBootstrapper : Neither @ContextConfiguration nor @ContextHierarchy found for test class [uk.co.incircity.money.repository.UserRepositoryTest], using SpringBootContextLoader
2019-07-21 00:16:34.854  INFO 4076 --- [    Test worker] o.s.t.c.support.AbstractContextLoader    : Could not detect default resource locations for test class [uk.co.incircity.money.repository.UserRepositoryTest]: no resource found for suffixes {-context.xml, Context.groovy}.
2019-07-21 00:16:34.854  INFO 4076 --- [    Test worker] t.c.s.AnnotationConfigContextLoaderUtils : Could not detect default configuration classes for test class [uk.co.incircity.money.repository.UserRepositoryTest]: UserRepositoryTest does not declare any static, non-private, non-final, nested classes annotated with @Configuration.
2019-07-21 00:16:34.855  INFO 4076 --- [    Test worker] .b.t.c.SpringBootTestContextBootstrapper : Found @SpringBootConfiguration uk.co.incircity.money.Application for test class uk.co.incircity.money.repository.UserRepositoryTest
2019-07-21 00:16:34.858  INFO 4076 --- [    Test worker] .b.t.c.SpringBootTestContextBootstrapper : Loaded default TestExecutionListener class names from location [META-INF/spring.factories]: [org.springframework.boot.test.autoconfigure.restdocs.RestDocsTestExecutionListener, org.springframework.boot.test.autoconfigure.web.client.MockRestServiceServerResetTestExecutionListener, org.springframework.boot.test.autoconfigure.web.servlet.MockMvcPrintOnlyOnFailureTestExecutionListener, org.springframework.boot.test.autoconfigure.web.servlet.WebDriverTestExecutionListener, org.springframework.boot.test.mock.mockito.MockitoTestExecutionListener, org.springframework.boot.test.mock.mockito.ResetMocksTestExecutionListener, org.springframework.test.context.web.ServletTestExecutionListener, org.springframework.test.context.support.DirtiesContextBeforeModesTestExecutionListener, org.springframework.test.context.support.DependencyInjectionTestExecutionListener, org.springframework.test.context.support.DirtiesContextTestExecutionListener, org.springframework.test.context.transaction.TransactionalTestExecutionListener, org.springframework.test.context.jdbc.SqlScriptsTestExecutionListener]
2019-07-21 00:16:34.859  INFO 4076 --- [    Test worker] .b.t.c.SpringBootTestContextBootstrapper : Using TestExecutionListeners: [org.springframework.test.context.web.ServletTestExecutionListener@6cf74089, org.springframework.test.context.support.DirtiesContextBeforeModesTestExecutionListener@29bc4029, org.springframework.boot.test.mock.mockito.MockitoTestExecutionListener@70e443d3, org.springframework.boot.test.autoconfigure.SpringBootDependencyInjectionTestExecutionListener@633c9cf6, org.springframework.test.context.support.DirtiesContextTestExecutionListener@35997b10, org.springframework.boot.test.autoconfigure.restdocs.RestDocsTestExecutionListener@7e6fd882, org.springframework.boot.test.autoconfigure.web.client.MockRestServiceServerResetTestExecutionListener@2cc7e647, org.springframework.boot.test.autoconfigure.web.servlet.MockMvcPrintOnlyOnFailureTestExecutionListener@2b1b0405, org.springframework.boot.test.autoconfigure.web.servlet.WebDriverTestExecutionListener@5524ab8d, org.springframework.boot.test.mock.mockito.ResetMocksTestExecutionListener@550fd263]

  .   ____          _            __ _ _
 /\\ / ___'_ __ _ _(_)_ __  __ _ \ \ \ \
( ( )\___ | '_ | '_| | '_ \/ _` | \ \ \ \
 \\/  ___)| |_)| | | | | || (_| |  ) ) ) )
  '  |____| .__|_| |_|_| |_\__, | / / / /
 =========|_|==============|___/=/_/_/_/
 :: Spring Boot ::        (v2.1.3.RELEASE)

2019-07-21 00:16:34.883  INFO 4076 --- [    Test worker] u.c.i.m.repository.UserRepositoryTest    : Starting UserRepositoryTest on Efnans-MacBook-Pro.local with PID 4076 (started by moz in /Users/moz/IdeaProjects/money)
2019-07-21 00:16:34.884  INFO 4076 --- [    Test worker] u.c.i.m.repository.UserRepositoryTest    : No active profile set, falling back to default profiles: default
2019-07-21 00:16:35.249  INFO 4076 --- [    Test worker] o.s.s.concurrent.ThreadPoolTaskExecutor  : Initializing ExecutorService 'applicationTaskExecutor'
2019-07-21 00:16:35.364  INFO 4076 --- [    Test worker] u.c.i.m.repository.UserRepositoryTest    : Started UserRepositoryTest in 0.502 seconds (JVM running for 3.235)
]]></system-out>
  <system-err><![CDATA[]]></system-err>
</testsuite>
