<?xml version="1.0" encoding="UTF-8"?>
<testsuite name="uk.co.incircity.money.repository.AccountRepositoryTest" tests="1" skipped="0" failures="0" errors="0" timestamp="2019-07-20T21:16:34" hostname="Efnans-MacBook-Pro.local" time="0.014">
  <properties/>
  <testcase name="getAccount_Success" classname="uk.co.incircity.money.repository.AccountRepositoryTest" time="0.014"/>
  <system-out><![CDATA[00:16:32.637 [Test worker] DEBUG org.springframework.test.context.junit4.SpringJUnit4ClassRunner - SpringJUnit4ClassRunner constructor called with [class uk.co.incircity.money.repository.AccountRepositoryTest]
00:16:32.644 [Test worker] DEBUG org.springframework.test.context.BootstrapUtils - Instantiating CacheAwareContextLoaderDelegate from class [org.springframework.test.context.cache.DefaultCacheAwareContextLoaderDelegate]
00:16:32.651 [Test worker] DEBUG org.springframework.test.context.BootstrapUtils - Instantiating BootstrapContext using constructor [public org.springframework.test.context.support.DefaultBootstrapContext(java.lang.Class,org.springframework.test.context.CacheAwareContextLoaderDelegate)]
00:16:32.668 [Test worker] DEBUG org.springframework.test.context.BootstrapUtils - Instantiating TestContextBootstrapper for test class [uk.co.incircity.money.repository.AccountRepositoryTest] from class [org.springframework.boot.test.context.SpringBootTestContextBootstrapper]
00:16:32.678 [Test worker] INFO org.springframework.boot.test.context.SpringBootTestContextBootstrapper - Neither @ContextConfiguration nor @ContextHierarchy found for test class [uk.co.incircity.money.repository.AccountRepositoryTest], using SpringBootContextLoader
00:16:32.681 [Test worker] DEBUG org.springframework.test.context.support.AbstractContextLoader - Did not detect default resource location for test class [uk.co.incircity.money.repository.AccountRepositoryTest]: class path resource [uk/co/incircity/money/repository/AccountRepositoryTest-context.xml] does not exist
00:16:32.681 [Test worker] DEBUG org.springframework.test.context.support.AbstractContextLoader - Did not detect default resource location for test class [uk.co.incircity.money.repository.AccountRepositoryTest]: class path resource [uk/co/incircity/money/repository/AccountRepositoryTestContext.groovy] does not exist
00:16:32.682 [Test worker] INFO org.springframework.test.context.support.AbstractContextLoader - Could not detect default resource locations for test class [uk.co.incircity.money.repository.AccountRepositoryTest]: no resource found for suffixes {-context.xml, Context.groovy}.
00:16:32.682 [Test worker] INFO org.springframework.test.context.support.AnnotationConfigContextLoaderUtils - Could not detect default configuration classes for test class [uk.co.incircity.money.repository.AccountRepositoryTest]: AccountRepositoryTest does not declare any static, non-private, non-final, nested classes annotated with @Configuration.
00:16:32.727 [Test worker] DEBUG org.springframework.test.context.support.ActiveProfilesUtils - Could not find an 'annotation declaring class' for annotation type [org.springframework.test.context.ActiveProfiles] and class [uk.co.incircity.money.repository.AccountRepositoryTest]
00:16:32.786 [Test worker] DEBUG org.springframework.context.annotation.ClassPathScanningCandidateComponentProvider - Identified candidate component class: file [/Users/moz/IdeaProjects/money/build/classes/java/main/uk/co/incircity/money/Application.class]
00:16:32.787 [Test worker] INFO org.springframework.boot.test.context.SpringBootTestContextBootstrapper - Found @SpringBootConfiguration uk.co.incircity.money.Application for test class uk.co.incircity.money.repository.AccountRepositoryTest
00:16:32.859 [Test worker] DEBUG org.springframework.boot.test.context.SpringBootTestContextBootstrapper - @TestExecutionListeners is not present for class [uk.co.incircity.money.repository.AccountRepositoryTest]: using defaults.
00:16:32.859 [Test worker] INFO org.springframework.boot.test.context.SpringBootTestContextBootstrapper - Loaded default TestExecutionListener class names from location [META-INF/spring.factories]: [org.springframework.boot.test.autoconfigure.restdocs.RestDocsTestExecutionListener, org.springframework.boot.test.autoconfigure.web.client.MockRestServiceServerResetTestExecutionListener, org.springframework.boot.test.autoconfigure.web.servlet.MockMvcPrintOnlyOnFailureTestExecutionListener, org.springframework.boot.test.autoconfigure.web.servlet.WebDriverTestExecutionListener, org.springframework.boot.test.mock.mockito.MockitoTestExecutionListener, org.springframework.boot.test.mock.mockito.ResetMocksTestExecutionListener, org.springframework.test.context.web.ServletTestExecutionListener, org.springframework.test.context.support.DirtiesContextBeforeModesTestExecutionListener, org.springframework.test.context.support.DependencyInjectionTestExecutionListener, org.springframework.test.context.support.DirtiesContextTestExecutionListener, org.springframework.test.context.transaction.TransactionalTestExecutionListener, org.springframework.test.context.jdbc.SqlScriptsTestExecutionListener]
00:16:32.866 [Test worker] DEBUG org.springframework.boot.test.context.SpringBootTestContextBootstrapper - Skipping candidate TestExecutionListener [org.springframework.test.context.transaction.TransactionalTestExecutionListener] due to a missing dependency. Specify custom listener classes or make the default listener classes and their required dependencies available. Offending class: [org/springframework/transaction/interceptor/TransactionAttributeSource]
00:16:32.867 [Test worker] DEBUG org.springframework.boot.test.context.SpringBootTestContextBootstrapper - Skipping candidate TestExecutionListener [org.springframework.test.context.jdbc.SqlScriptsTestExecutionListener] due to a missing dependency. Specify custom listener classes or make the default listener classes and their required dependencies available. Offending class: [org/springframework/transaction/interceptor/TransactionAttribute]
00:16:32.867 [Test worker] INFO org.springframework.boot.test.context.SpringBootTestContextBootstrapper - Using TestExecutionListeners: [org.springframework.test.context.web.ServletTestExecutionListener@2985f4bc, org.springframework.test.context.support.DirtiesContextBeforeModesTestExecutionListener@671d7f80, org.springframework.boot.test.mock.mockito.MockitoTestExecutionListener@9637e46, org.springframework.boot.test.autoconfigure.SpringBootDependencyInjectionTestExecutionListener@6b9bdf25, org.springframework.test.context.support.DirtiesContextTestExecutionListener@6dbdf6fe, org.springframework.boot.test.autoconfigure.restdocs.RestDocsTestExecutionListener@61d075b6, org.springframework.boot.test.autoconfigure.web.client.MockRestServiceServerResetTestExecutionListener@73d3a684, org.springframework.boot.test.autoconfigure.web.servlet.MockMvcPrintOnlyOnFailureTestExecutionListener@46842d2c, org.springframework.boot.test.autoconfigure.web.servlet.WebDriverTestExecutionListener@448c3904, org.springframework.boot.test.mock.mockito.ResetMocksTestExecutionListener@261399e6]
00:16:32.869 [Test worker] DEBUG org.springframework.test.annotation.ProfileValueUtils - Retrieved @ProfileValueSourceConfiguration [null] for test class [uk.co.incircity.money.repository.AccountRepositoryTest]
00:16:32.869 [Test worker] DEBUG org.springframework.test.annotation.ProfileValueUtils - Retrieved ProfileValueSource type [class org.springframework.test.annotation.SystemProfileValueSource] for class [uk.co.incircity.money.repository.AccountRepositoryTest]
00:16:32.870 [Test worker] DEBUG org.springframework.test.annotation.ProfileValueUtils - Retrieved @ProfileValueSourceConfiguration [null] for test class [uk.co.incircity.money.repository.AccountRepositoryTest]
00:16:32.870 [Test worker] DEBUG org.springframework.test.annotation.ProfileValueUtils - Retrieved ProfileValueSource type [class org.springframework.test.annotation.SystemProfileValueSource] for class [uk.co.incircity.money.repository.AccountRepositoryTest]
00:16:32.874 [Test worker] DEBUG org.springframework.test.context.support.AbstractDirtiesContextTestExecutionListener - Before test class: context [DefaultTestContext@66a3751c testClass = AccountRepositoryTest, testInstance = [null], testMethod = [null], testException = [null], mergedContextConfiguration = [WebMergedContextConfiguration@1df4ce8a testClass = AccountRepositoryTest, locations = '{}', classes = '{class uk.co.incircity.money.Application}', contextInitializerClasses = '[]', activeProfiles = '{}', propertySourceLocations = '{}', propertySourceProperties = '{org.springframework.boot.test.context.SpringBootTestContextBootstrapper=true}', contextCustomizers = set[org.springframework.boot.test.autoconfigure.properties.PropertyMappingContextCustomizer@0, org.springframework.boot.test.autoconfigure.web.servlet.WebDriverContextCustomizerFactory$Customizer@32743fdf, org.springframework.boot.test.context.filter.ExcludeFilterContextCustomizer@5ca8dbdd, org.springframework.boot.test.json.DuplicateJsonObjectContextCustomizerFactory$DuplicateJsonObjectContextCustomizer@217a71c0, org.springframework.boot.test.mock.mockito.MockitoContextCustomizer@533851e, org.springframework.boot.test.web.client.TestRestTemplateContextCustomizer@f5ba908], resourceBasePath = 'src/main/webapp', contextLoader = 'org.springframework.boot.test.context.SpringBootContextLoader', parent = [null]], attributes = map['org.springframework.test.context.web.ServletTestExecutionListener.activateListener' -> true]], class annotated with @DirtiesContext [false] with mode [null].
00:16:32.874 [Test worker] DEBUG org.springframework.test.annotation.ProfileValueUtils - Retrieved @ProfileValueSourceConfiguration [null] for test class [uk.co.incircity.money.repository.AccountRepositoryTest]
00:16:32.874 [Test worker] DEBUG org.springframework.test.annotation.ProfileValueUtils - Retrieved ProfileValueSource type [class org.springframework.test.annotation.SystemProfileValueSource] for class [uk.co.incircity.money.repository.AccountRepositoryTest]
00:16:32.889 [Test worker] DEBUG org.springframework.test.context.support.TestPropertySourceUtils - Adding inlined properties to environment: {spring.jmx.enabled=false, org.springframework.boot.test.context.SpringBootTestContextBootstrapper=true, server.port=-1}

  .   ____          _            __ _ _
 /\\ / ___'_ __ _ _(_)_ __  __ _ \ \ \ \
( ( )\___ | '_ | '_| | '_ \/ _` | \ \ \ \
 \\/  ___)| |_)| | | | | || (_| |  ) ) ) )
  '  |____| .__|_| |_|_| |_\__, | / / / /
 =========|_|==============|___/=/_/_/_/
 :: Spring Boot ::        (v2.1.3.RELEASE)

2019-07-21 00:16:33.266  INFO 4076 --- [    Test worker] u.c.i.m.r.AccountRepositoryTest          : Starting AccountRepositoryTest on Efnans-MacBook-Pro.local with PID 4076 (started by moz in /Users/moz/IdeaProjects/money)
2019-07-21 00:16:33.267  INFO 4076 --- [    Test worker] u.c.i.m.r.AccountRepositoryTest          : No active profile set, falling back to default profiles: default
2019-07-21 00:16:34.601  INFO 4076 --- [    Test worker] o.s.s.concurrent.ThreadPoolTaskExecutor  : Initializing ExecutorService 'applicationTaskExecutor'
2019-07-21 00:16:34.821  INFO 4076 --- [    Test worker] u.c.i.m.r.AccountRepositoryTest          : Started AccountRepositoryTest in 1.926 seconds (JVM running for 2.692)
]]></system-out>
  <system-err><![CDATA[]]></system-err>
</testsuite>
