<?xml version="1.0" encoding="UTF-8"?>
<testsuite name="uk.co.incircity.money.service.MoneyServiceTest" tests="6" skipped="0" failures="0" errors="0" timestamp="2019-07-20T21:16:36" hostname="Efnans-MacBook-Pro.local" time="0.014">
  <properties/>
  <testcase name="transferMoney_BetweenSameAccounts_ApplicationException" classname="uk.co.incircity.money.service.MoneyServiceTest" time="0.002"/>
  <testcase name="transferMoney_ToAccountDoesNotExist_ApplicationException" classname="uk.co.incircity.money.service.MoneyServiceTest" time="0.002"/>
  <testcase name="transferMoney_DifferentCurrencies_ApplicationException" classname="uk.co.incircity.money.service.MoneyServiceTest" time="0.001"/>
  <testcase name="transferMoney_FromAccountDoesNotExist_ApplicationException" classname="uk.co.incircity.money.service.MoneyServiceTest" time="0.002"/>
  <testcase name="transferMoney_Success" classname="uk.co.incircity.money.service.MoneyServiceTest" time="0.002"/>
  <testcase name="transferMoney_FromAccountNotMoneyEnough_ApplicationException" classname="uk.co.incircity.money.service.MoneyServiceTest" time="0.001"/>
  <system-out><![CDATA[2019-07-21 00:16:36.419  INFO 4076 --- [    Test worker] .b.t.c.SpringBootTestContextBootstrapper : Neither @ContextConfiguration nor @ContextHierarchy found for test class [uk.co.incircity.money.service.MoneyServiceTest], using SpringBootContextLoader
2019-07-21 00:16:36.420  INFO 4076 --- [    Test worker] o.s.t.c.support.AbstractContextLoader    : Could not detect default resource locations for test class [uk.co.incircity.money.service.MoneyServiceTest]: no resource found for suffixes {-context.xml, Context.groovy}.
2019-07-21 00:16:36.420  INFO 4076 --- [    Test worker] t.c.s.AnnotationConfigContextLoaderUtils : Could not detect default configuration classes for test class [uk.co.incircity.money.service.MoneyServiceTest]: MoneyServiceTest does not declare any static, non-private, non-final, nested classes annotated with @Configuration.
2019-07-21 00:16:36.426  INFO 4076 --- [    Test worker] .b.t.c.SpringBootTestContextBootstrapper : Found @SpringBootConfiguration uk.co.incircity.money.Application for test class uk.co.incircity.money.service.MoneyServiceTest
2019-07-21 00:16:36.427  INFO 4076 --- [    Test worker] .b.t.c.SpringBootTestContextBootstrapper : Loaded default TestExecutionListener class names from location [META-INF/spring.factories]: [org.springframework.boot.test.autoconfigure.restdocs.RestDocsTestExecutionListener, org.springframework.boot.test.autoconfigure.web.client.MockRestServiceServerResetTestExecutionListener, org.springframework.boot.test.autoconfigure.web.servlet.MockMvcPrintOnlyOnFailureTestExecutionListener, org.springframework.boot.test.autoconfigure.web.servlet.WebDriverTestExecutionListener, org.springframework.boot.test.mock.mockito.MockitoTestExecutionListener, org.springframework.boot.test.mock.mockito.ResetMocksTestExecutionListener, org.springframework.test.context.web.ServletTestExecutionListener, org.springframework.test.context.support.DirtiesContextBeforeModesTestExecutionListener, org.springframework.test.context.support.DependencyInjectionTestExecutionListener, org.springframework.test.context.support.DirtiesContextTestExecutionListener, org.springframework.test.context.transaction.TransactionalTestExecutionListener, org.springframework.test.context.jdbc.SqlScriptsTestExecutionListener]
2019-07-21 00:16:36.427  INFO 4076 --- [    Test worker] .b.t.c.SpringBootTestContextBootstrapper : Using TestExecutionListeners: [org.springframework.test.context.web.ServletTestExecutionListener@48916b22, org.springframework.test.context.support.DirtiesContextBeforeModesTestExecutionListener@5c6d7108, org.springframework.boot.test.mock.mockito.MockitoTestExecutionListener@c8896ff, org.springframework.boot.test.autoconfigure.SpringBootDependencyInjectionTestExecutionListener@2748e4e1, org.springframework.test.context.support.DirtiesContextTestExecutionListener@64c34351, org.springframework.boot.test.autoconfigure.restdocs.RestDocsTestExecutionListener@53118bf0, org.springframework.boot.test.autoconfigure.web.client.MockRestServiceServerResetTestExecutionListener@1b66c003, org.springframework.boot.test.autoconfigure.web.servlet.MockMvcPrintOnlyOnFailureTestExecutionListener@7be95062, org.springframework.boot.test.autoconfigure.web.servlet.WebDriverTestExecutionListener@5ce4d85, org.springframework.boot.test.mock.mockito.ResetMocksTestExecutionListener@5adf18c7]

  .   ____          _            __ _ _
 /\\ / ___'_ __ _ _(_)_ __  __ _ \ \ \ \
( ( )\___ | '_ | '_| | '_ \/ _` | \ \ \ \
 \\/  ___)| |_)| | | | | || (_| |  ) ) ) )
  '  |____| .__|_| |_|_| |_\__, | / / / /
 =========|_|==============|___/=/_/_/_/
 :: Spring Boot ::        (v2.1.3.RELEASE)

2019-07-21 00:16:36.439  INFO 4076 --- [    Test worker] u.c.i.money.service.MoneyServiceTest     : Starting MoneyServiceTest on Efnans-MacBook-Pro.local with PID 4076 (started by moz in /Users/moz/IdeaProjects/money)
2019-07-21 00:16:36.440  INFO 4076 --- [    Test worker] u.c.i.money.service.MoneyServiceTest     : No active profile set, falling back to default profiles: default
2019-07-21 00:16:36.712  INFO 4076 --- [    Test worker] o.s.s.concurrent.ThreadPoolTaskExecutor  : Initializing ExecutorService 'applicationTaskExecutor'
2019-07-21 00:16:36.802  INFO 4076 --- [    Test worker] u.c.i.money.service.MoneyServiceTest     : Started MoneyServiceTest in 0.372 seconds (JVM running for 4.673)
]]></system-out>
  <system-err><![CDATA[]]></system-err>
</testsuite>
