<?xml version="1.0" encoding="UTF-8"?>
<testsuite name="uk.co.incircity.money.controller.MoneyControllerTest" tests="3" skipped="0" failures="0" errors="0" timestamp="2019-07-20T21:16:36" hostname="Efnans-MacBook-Pro.local" time="0.159">
  <properties/>
  <testcase name="transfer_ProperRequest_SuccessResponse" classname="uk.co.incircity.money.controller.MoneyControllerTest" time="0.131"/>
  <testcase name="getAccounts_ProperRequest_SuccessResponse" classname="uk.co.incircity.money.controller.MoneyControllerTest" time="0.016"/>
  <testcase name="transfer_BadRequest_ErrorResponse" classname="uk.co.incircity.money.controller.MoneyControllerTest" time="0.01"/>
  <system-out><![CDATA[2019-07-21 00:16:35.780  INFO 4076 --- [    Test worker] .b.t.c.SpringBootTestContextBootstrapper : Neither @ContextConfiguration nor @ContextHierarchy found for test class [uk.co.incircity.money.controller.MoneyControllerTest], using SpringBootContextLoader
2019-07-21 00:16:35.781  INFO 4076 --- [    Test worker] o.s.t.c.support.AbstractContextLoader    : Could not detect default resource locations for test class [uk.co.incircity.money.controller.MoneyControllerTest]: no resource found for suffixes {-context.xml, Context.groovy}.
2019-07-21 00:16:35.781  INFO 4076 --- [    Test worker] t.c.s.AnnotationConfigContextLoaderUtils : Could not detect default configuration classes for test class [uk.co.incircity.money.controller.MoneyControllerTest]: MoneyControllerTest does not declare any static, non-private, non-final, nested classes annotated with @Configuration.
2019-07-21 00:16:35.792  INFO 4076 --- [    Test worker] .b.t.c.SpringBootTestContextBootstrapper : Found @SpringBootConfiguration uk.co.incircity.money.Application for test class uk.co.incircity.money.controller.MoneyControllerTest
2019-07-21 00:16:35.793  INFO 4076 --- [    Test worker] .b.t.c.SpringBootTestContextBootstrapper : Loaded default TestExecutionListener class names from location [META-INF/spring.factories]: [org.springframework.boot.test.autoconfigure.restdocs.RestDocsTestExecutionListener, org.springframework.boot.test.autoconfigure.web.client.MockRestServiceServerResetTestExecutionListener, org.springframework.boot.test.autoconfigure.web.servlet.MockMvcPrintOnlyOnFailureTestExecutionListener, org.springframework.boot.test.autoconfigure.web.servlet.WebDriverTestExecutionListener, org.springframework.boot.test.mock.mockito.MockitoTestExecutionListener, org.springframework.boot.test.mock.mockito.ResetMocksTestExecutionListener, org.springframework.test.context.web.ServletTestExecutionListener, org.springframework.test.context.support.DirtiesContextBeforeModesTestExecutionListener, org.springframework.test.context.support.DependencyInjectionTestExecutionListener, org.springframework.test.context.support.DirtiesContextTestExecutionListener, org.springframework.test.context.transaction.TransactionalTestExecutionListener, org.springframework.test.context.jdbc.SqlScriptsTestExecutionListener]
2019-07-21 00:16:35.794  INFO 4076 --- [    Test worker] .b.t.c.SpringBootTestContextBootstrapper : Using TestExecutionListeners: [org.springframework.test.context.web.ServletTestExecutionListener@4d15b808, org.springframework.test.context.support.DirtiesContextBeforeModesTestExecutionListener@2fea005b, org.springframework.boot.test.mock.mockito.MockitoTestExecutionListener@5fd2ccc7, org.springframework.boot.test.autoconfigure.SpringBootDependencyInjectionTestExecutionListener@365033b0, org.springframework.test.context.support.DirtiesContextTestExecutionListener@56e5188a, org.springframework.boot.test.autoconfigure.restdocs.RestDocsTestExecutionListener@29f222d5, org.springframework.boot.test.autoconfigure.web.client.MockRestServiceServerResetTestExecutionListener@608f77d8, org.springframework.boot.test.autoconfigure.web.servlet.MockMvcPrintOnlyOnFailureTestExecutionListener@57f505ca, org.springframework.boot.test.autoconfigure.web.servlet.WebDriverTestExecutionListener@29aa76f6, org.springframework.boot.test.mock.mockito.ResetMocksTestExecutionListener@11760d9c]

  .   ____          _            __ _ _
 /\\ / ___'_ __ _ _(_)_ __  __ _ \ \ \ \
( ( )\___ | '_ | '_| | '_ \/ _` | \ \ \ \
 \\/  ___)| |_)| | | | | || (_| |  ) ) ) )
  '  |____| .__|_| |_|_| |_\__, | / / / /
 =========|_|==============|___/=/_/_/_/
 :: Spring Boot ::        (v2.1.3.RELEASE)

2019-07-21 00:16:35.806  INFO 4076 --- [    Test worker] u.c.i.m.controller.MoneyControllerTest   : Starting MoneyControllerTest on Efnans-MacBook-Pro.local with PID 4076 (started by moz in /Users/moz/IdeaProjects/money)
2019-07-21 00:16:35.807  INFO 4076 --- [    Test worker] u.c.i.m.controller.MoneyControllerTest   : No active profile set, falling back to default profiles: default
2019-07-21 00:16:36.112  INFO 4076 --- [    Test worker] o.s.s.concurrent.ThreadPoolTaskExecutor  : Initializing ExecutorService 'applicationTaskExecutor'
2019-07-21 00:16:36.238  INFO 4076 --- [    Test worker] o.s.b.t.m.w.SpringBootMockServletContext : Initializing Spring TestDispatcherServlet ''
2019-07-21 00:16:36.238  INFO 4076 --- [    Test worker] o.s.t.web.servlet.TestDispatcherServlet  : Initializing Servlet ''
2019-07-21 00:16:36.247  INFO 4076 --- [    Test worker] o.s.t.web.servlet.TestDispatcherServlet  : Completed initialization in 9 ms
2019-07-21 00:16:36.255  INFO 4076 --- [    Test worker] u.c.i.m.controller.MoneyControllerTest   : Started MoneyControllerTest in 0.46 seconds (JVM running for 4.126)
{"fromAccountNumber":1,"toAccountNumber":2,"amount":100}

MockHttpServletRequest:
      HTTP Method = GET
      Request URI = /accounts
       Parameters = {}
          Headers = [Accept:"application/json"]
             Body = null
    Session Attrs = {}

Handler:
             Type = uk.co.incircity.money.controller.MoneyController
           Method = public org.springframework.http.ResponseEntity<java.util.List<uk.co.incircity.money.model.Account>> uk.co.incircity.money.controller.MoneyController.getAccounts()

Async:
    Async started = false
     Async result = null

Resolved Exception:
             Type = null

ModelAndView:
        View name = null
             View = null
            Model = null

FlashMap:
       Attributes = null

MockHttpServletResponse:
           Status = 200
    Error message = null
          Headers = [Content-Type:"application/json;charset=UTF-8"]
     Content type = application/json;charset=UTF-8
             Body = []
    Forwarded URL = null
   Redirected URL = null
          Cookies = []
]]></system-out>
  <system-err><![CDATA[]]></system-err>
</testsuite>
